2025-04-08 23:31:09.428826 - Received CBT.V508.FILE1055.PDS from FILE1055.XMI 
2025-04-08 23:31:09.432431 - Found $$$$READ.txt (text/plain) in CBT.V508.FILE1055.PDS, moved to PDS/$$$$READ
2025-04-08 23:31:09.433073 - Found $$$#DATE.txt (text/plain) in CBT.V508.FILE1055.PDS, moved to PDS/$$$#DATE
2025-04-08 23:31:09.433672 - Found $$README.txt (text/plain) in CBT.V508.FILE1055.PDS, moved to PDS/$$README
2025-04-08 23:31:09.434310 - Found $$UPLOAD.txt (text/plain) in CBT.V508.FILE1055.PDS, moved to PDS/$$UPLOAD
2025-04-08 23:31:09.434874 - Found $$UPLOAJ.txt (text/plain) in CBT.V508.FILE1055.PDS, moved to PDS/$$UPLOAJ
2025-04-08 23:31:09.435502 - Found $$UPLOAM.txt (text/plain) in CBT.V508.FILE1055.PDS, moved to PDS/$$UPLOAM
2025-04-08 23:31:09.436021 - Found $CARR.jcl (text/plain) in CBT.V508.FILE1055.PDS, moved to PDS/$CARR
2025-04-08 23:31:09.436583 - Found $CESTAE.jcl (text/plain) in CBT.V508.FILE1055.PDS, moved to PDS/$CESTAE
2025-04-08 23:31:09.437148 - Found $CLIENT.jcl (text/plain) in CBT.V508.FILE1055.PDS, moved to PDS/$CLIENT
2025-04-08 23:31:09.437679 - Found $DUMPGDG.jcl (text/plain) in CBT.V508.FILE1055.PDS, moved to PDS/$DUMPGDG
2025-04-08 23:31:09.438233 - Found $GRECOV.jcl (text/plain) in CBT.V508.FILE1055.PDS, moved to PDS/$GRECOV
2025-04-08 23:31:09.438728 - Found $IRBPTR.jcl (text/plain) in CBT.V508.FILE1055.PDS, moved to PDS/$IRBPTR
2025-04-08 23:31:09.439338 - Found $OUTPUT1.txt (text/plain) in CBT.V508.FILE1055.PDS, moved to PDS/$OUTPUT1
2025-04-08 23:31:09.439918 - Found $OUTPUT2.txt (text/plain) in CBT.V508.FILE1055.PDS, moved to PDS/$OUTPUT2
2025-04-08 23:31:09.440482 - Found $OUTPUT3.txt (text/plain) in CBT.V508.FILE1055.PDS, moved to PDS/$OUTPUT3
2025-04-08 23:31:09.441134 - Found $OUTPUT4.txt (text/plain) in CBT.V508.FILE1055.PDS, moved to PDS/$OUTPUT4
2025-04-08 23:31:09.441815 - Found $OUTPUT5.txt (text/plain) in CBT.V508.FILE1055.PDS, moved to PDS/$OUTPUT5
2025-04-08 23:31:09.442407 - Found $OUTPUT6.txt (text/plain) in CBT.V508.FILE1055.PDS, moved to PDS/$OUTPUT6
2025-04-08 23:31:09.443063 - Found $OUTPUT7.txt (text/plain) in CBT.V508.FILE1055.PDS, moved to PDS/$OUTPUT7
2025-04-08 23:31:09.443603 - Found $OUTPUT8.txt (text/plain) in CBT.V508.FILE1055.PDS, moved to PDS/$OUTPUT8
2025-04-08 23:31:09.444165 - Found $TESTPRP.jcl (text/plain) in CBT.V508.FILE1055.PDS, moved to PDS/$TESTPRP
2025-04-08 23:31:09.444715 - Found #ORIG192.txt (text/plain) in CBT.V508.FILE1055.PDS, moved to PDS/#ORIG192
2025-04-08 23:31:09.445313 - Found @FIL1055.txt (text/plain) in CBT.V508.FILE1055.PDS, moved to PDS/@FIL1055
2025-04-08 23:31:09.445814 - Found ALLOC.txt (text/plain) in CBT.V508.FILE1055.PDS, moved to PDS/ALLOC
2025-04-08 23:31:09.446374 - Found ASMLKD.txt (text/plain) in CBT.V508.FILE1055.PDS, moved to PDS/ASMLKD
2025-04-08 23:31:09.447016 - Found BAKRCOV.txt (text/plain) in CBT.V508.FILE1055.PDS, moved to PDS/BAKRCOV
2025-04-08 23:31:09.447698 - Found BGRECOV.txt (text/plain) in CBT.V508.FILE1055.PDS, moved to PDS/BGRECOV
2025-04-08 23:31:09.448420 - Found BRECOV.txt (text/plain) in CBT.V508.FILE1055.PDS, moved to PDS/BRECOV
2025-04-08 23:31:09.449067 - Found CARR.txt (text/plain) in CBT.V508.FILE1055.PDS, moved to PDS/CARR
2025-04-08 23:31:09.449655 - Found CCLIENT.txt (text/plain) in CBT.V508.FILE1055.PDS, moved to PDS/CCLIENT
2025-04-08 23:31:09.450204 - Found CESTAE.txt (text/plain) in CBT.V508.FILE1055.PDS, moved to PDS/CESTAE
2025-04-08 23:31:09.450777 - Found CFRR.txt (text/plain) in CBT.V508.FILE1055.PDS, moved to PDS/CFRR
2025-04-08 23:31:09.451339 - Found CLIENT.txt (text/plain) in CBT.V508.FILE1055.PDS, moved to PDS/CLIENT
2025-04-08 23:31:09.451927 - Found CLNTRUN.jcl (text/plain) in CBT.V508.FILE1055.PDS, moved to PDS/CLNTRUN
2025-04-08 23:31:09.452543 - Found DUMPGDG.txt (text/plain) in CBT.V508.FILE1055.PDS, moved to PDS/DUMPGDG
2025-04-08 23:31:09.453076 - Found ENDMOD.txt (text/plain) in CBT.V508.FILE1055.PDS, moved to PDS/ENDMOD
2025-04-08 23:31:09.453568 - Found EQUATES.txt (text/plain) in CBT.V508.FILE1055.PDS, moved to PDS/EQUATES
2025-04-08 23:31:09.454149 - Found ESTPARM.txt (text/plain) in CBT.V508.FILE1055.PDS, moved to PDS/ESTPARM
2025-04-08 23:31:09.454738 - Found EXECJCL.txt (text/plain) in CBT.V508.FILE1055.PDS, moved to PDS/EXECJCL
2025-04-08 23:31:09.455485 - Found GRECOV.txt (text/plain) in CBT.V508.FILE1055.PDS, moved to PDS/GRECOV
2025-04-08 23:31:09.456144 - Found GRECOVB.txt (text/plain) in CBT.V508.FILE1055.PDS, moved to PDS/GRECOVB
2025-04-08 23:31:09.456743 - Found INNERMM.txt (text/plain) in CBT.V508.FILE1055.PDS, moved to PDS/INNERMM
2025-04-08 23:31:09.457331 - Found IRBPTR.txt (text/plain) in CBT.V508.FILE1055.PDS, moved to PDS/IRBPTR
2025-04-08 23:31:09.457920 - Found LSED.txt (text/plain) in CBT.V508.FILE1055.PDS, moved to PDS/LSED
2025-04-08 23:31:09.458486 - Found MODULE.txt (text/plain) in CBT.V508.FILE1055.PDS, moved to PDS/MODULE
2025-04-08 23:31:09.459041 - Found MODULEX.txt (text/plain) in CBT.V508.FILE1055.PDS, moved to PDS/MODULEX
2025-04-08 23:31:09.459639 - Found OUTPUT.txt (text/plain) in CBT.V508.FILE1055.PDS, moved to PDS/OUTPUT
2025-04-08 23:31:09.460218 - Found SYSIN01B.txt (text/plain) in CBT.V508.FILE1055.PDS, moved to PDS/SYSIN01B
2025-04-08 23:31:09.460848 - Found SYSIN01C.txt (text/plain) in CBT.V508.FILE1055.PDS, moved to PDS/SYSIN01C
2025-04-08 23:31:09.461431 - Found TESTPRGP.txt (text/plain) in CBT.V508.FILE1055.PDS, moved to PDS/TESTPRGP
